{"message":"Connection has been established successfully.","level":"info"}
{"message":"Connection has been established successfully.","level":"info"}
{"message":"Connection has been established successfully.","level":"info"}
{"message":"Connection has been established successfully.","level":"info"}
{"message":"Connection has been established successfully.","level":"info"}
{"message":"Connection has been established successfully.","level":"info"}
{"message":"Connection has been established successfully.","level":"info"}
{"message":"Connection has been established successfully.","level":"info"}
{"message":"Connection has been established successfully.","level":"info"}
{"message":"Connection has been established successfully.","level":"info"}
{"message":"Connection has been established successfully.","level":"info"}
{"message":"Connection has been established successfully.","level":"info"}
{"message":"Connection has been established successfully.","level":"info"}
{"message":"Connection has been established successfully.","level":"info"}
{"message":"Connection has been established successfully.","level":"info"}
{"message":"Connection has been established successfully.","level":"info"}
{"message":"Connection has been established successfully.","level":"info"}
{"message":"Connection has been established successfully.","level":"info"}
{"message":"Connection has been established successfully.","level":"info"}
{"message":"Connection has been established successfully.","level":"info"}
{"message":"Connection has been established successfully.","level":"info"}
{"message":"Connection has been established successfully.","level":"info"}
{"message":"Connection has been established successfully.","level":"info"}
{"message":"Connection has been established successfully.","level":"info"}
{"message":"Connection has been established successfully.","level":"info"}
{"message":"Connection has been established successfully.","level":"info"}
{"message":"Connection has been established successfully.","level":"info"}
{"message":"Connection has been established successfully.","level":"info"}
{"message":"Connection has been established successfully.","level":"info"}
{"message":"Connection has been established successfully.","level":"info"}
{"message":"Connection has been established successfully.","level":"info"}
{"message":"Connection has been established successfully.","level":"info"}
{"message":"Connection has been established successfully.","level":"info"}
{"message":"Connection has been established successfully.","level":"info"}
{"message":"Connection has been established successfully.","level":"info"}
{"message":"Connection has been established successfully.","level":"info"}
{"message":"Connection has been established successfully.","level":"info"}
{"message":"Connection has been established successfully.","level":"info"}
{"message":"Connection has been established successfully.","level":"info"}
{"message":"Connection has been established successfully.","level":"info"}
{"message":"Connection has been established successfully.","level":"info"}
{"message":"Connection has been established successfully.","level":"info"}
{"message":"Connection has been established successfully.","level":"info"}
{"message":"Connection has been established successfully.","level":"info"}
{"message":"Connection has been established successfully.","level":"info"}
{"message":"Connection has been established successfully.","level":"info"}
{"message":"Connection has been established successfully.","level":"info"}
{"message":"Connection has been established successfully.","level":"info"}
{"message":"Connection has been established successfully.","level":"info"}
{"message":"Connection has been established successfully.","level":"info"}
{"message":"Connection has been established successfully.","level":"info"}
{"message":"Connection has been established successfully.","level":"info"}
{"message":"Connection has been established successfully.","level":"info"}
{"message":"Connection has been established successfully.","level":"info"}
{"message":"Connection has been established successfully.","level":"info"}
{"message":"Connection has been established successfully.","level":"info"}
{"message":"Connection has been established successfully.","level":"info"}
{"message":"Connection has been established successfully.","level":"info"}
{"message":"Connection has been established successfully.","level":"info"}
{"message":"Connection has been established successfully.","level":"info"}
{"message":"Connection has been established successfully.","level":"info"}
{"message":"Connection has been established successfully.","level":"info"}
{"message":"Connection has been established successfully.","level":"info"}
{"message":"Connection has been established successfully.","level":"info"}
{"message":"Connection has been established successfully.","level":"info"}
{"message":"Connection has been established successfully.","level":"info"}
{"message":"Connection has been established successfully.","level":"info"}
{"message":"Connection has been established successfully.","level":"info"}
{"message":"Connection has been established successfully.","level":"info"}
{"message":"Connection has been established successfully.","level":"info"}
{"message":"Connection has been established successfully.","level":"info"}
{"message":"Connection has been established successfully.","level":"info"}
{"message":"Connection has been established successfully.","level":"info"}
{"message":"Connection has been established successfully.","level":"info"}
{"message":"Connection has been established successfully.","level":"info"}
{"message":"Connection has been established successfully.","level":"info"}
{"message":"Connection has been established successfully.","level":"info"}
{"message":"Connection has been established successfully.","level":"info"}
{"message":"Connection has been established successfully.","level":"info"}
{"message":"Connection has been established successfully.","level":"info"}
{"message":"Connection has been established successfully.","level":"info"}
{"message":"Connection has been established successfully.","level":"info"}
{"message":"Connection has been established successfully.","level":"info"}
{"message":"Connection has been established successfully.","level":"info"}
{"message":"Connection has been established successfully.","level":"info"}
{"message":"Connection has been established successfully.","level":"info"}
{"message":"Connection has been established successfully.","level":"info"}
{"message":"Connection has been established successfully.","level":"info"}
{"message":"Connection has been established successfully.","level":"info"}
{"message":"Connection has been established successfully.","level":"info"}
{"message":"Connection has been established successfully.","level":"info"}
{"message":"Connection has been established successfully.","level":"info"}
{"message":"Connection has been established successfully.","level":"info"}
{"message":"Connection has been established successfully.","level":"info"}
{"message":"Connection has been established successfully.","level":"info"}
{"message":"Connection has been established successfully.","level":"info"}
{"message":"Connection has been established successfully.","level":"info"}
{"message":"Connection has been established successfully.","level":"info"}
{"message":"Connection has been established successfully.","level":"info"}
{"message":"Connection has been established successfully.","level":"info"}
{"message":"Connection has been established successfully.","level":"info"}
{"message":"Connection has been established successfully.","level":"info"}
{"message":"Connection has been established successfully.","level":"info"}
{"message":"Connection has been established successfully.","level":"info"}
{"message":"Connection has been established successfully.","level":"info"}
{"message":"Connection has been established successfully.","level":"info"}
{"message":"Connection has been established successfully.","level":"info"}
{"message":"Connection has been established successfully.","level":"info"}
{"message":"Connection has been established successfully.","level":"info"}
{"message":"Connection has been established successfully.","level":"info"}
{"message":"Connection has been established successfully.","level":"info"}
{"message":"Connection has been established successfully.","level":"info"}
{"message":"Connection has been established successfully.","level":"info"}
{"message":"Connection has been established successfully.","level":"info"}
{"message":"Connection has been established successfully.","level":"info"}
{"message":"Connection has been established successfully.","level":"info"}
{"message":"Connection has been established successfully.","level":"info"}
{"message":"Connection has been established successfully.","level":"info"}
{"message":"Connection has been established successfully.","level":"info"}
{"message":"Connection has been established successfully.","level":"info"}
{"message":"Connection has been established successfully.","level":"info"}
{"message":"Connection has been established successfully.","level":"info"}
{"message":"Connection has been established successfully.","level":"info"}
{"message":"Connection has been established successfully.","level":"info"}
{"message":"Connection has been established successfully.","level":"info"}
{"message":"Connection has been established successfully.","level":"info"}
{"message":"Connection has been established successfully.","level":"info"}
{"message":"Connection has been established successfully.","level":"info"}
{"message":"Connection has been established successfully.","level":"info"}
{"message":"Connection has been established successfully.","level":"info"}
{"message":"Connection has been established successfully.","level":"info"}
{"message":"Connection has been established successfully.","level":"info"}
{"message":"Connection has been established successfully.","level":"info"}
{"message":"Connection has been established successfully.","level":"info"}
{"message":"Connection has been established successfully.","level":"info"}
{"message":"Connection has been established successfully.","level":"info"}
{"message":"Connection has been established successfully.","level":"info"}
{"message":"Connection has been established successfully.","level":"info"}
{"message":"Connection has been established successfully.","level":"info"}
{"message":"Connection has been established successfully.","level":"info"}
{"message":"Connection has been established successfully.","level":"info"}
{"message":"Connection has been established successfully.","level":"info"}
{"message":"Connection has been established successfully.","level":"info"}
{"message":"Connection has been established successfully.","level":"info"}
{"message":"Connection has been established successfully.","level":"info"}
{"message":"Connection has been established successfully.","level":"info"}
{"message":"Connection has been established successfully.","level":"info"}
{"message":"Connection has been established successfully.","level":"info"}
{"message":"Connection has been established successfully.","level":"info"}
{"message":"Connection has been established successfully.","level":"info"}
{"message":"Connection has been established successfully.","level":"info"}
{"message":"Connection has been established successfully.","level":"info"}
{"message":"Connection has been established successfully.","level":"info"}
{"message":"Connection has been established successfully.","level":"info"}
{"message":"Connection has been established successfully.","level":"info"}
{"message":"Connection has been established successfully.","level":"info"}
{"message":"Connection has been established successfully.","level":"info"}
{"message":"Connection has been established successfully.","level":"info"}
{"message":"Connection has been established successfully.","level":"info"}
{"message":"Connection has been established successfully.","level":"info"}
{"message":"Connection has been established successfully.","level":"info"}
{"message":"Connection has been established successfully.","level":"info"}
{"message":"Connection has been established successfully.","level":"info"}
{"message":"Connection has been established successfully.","level":"info"}
{"message":"Connection has been established successfully.","level":"info"}
{"message":"Connection has been established successfully.","level":"info"}
{"message":"Connection has been established successfully.","level":"info"}
{"message":"Connection has been established successfully.","level":"info"}
{"message":"Connection has been established successfully.","level":"info"}
{"message":"Connection has been established successfully.","level":"info"}
{"message":"Connection has been established successfully.","level":"info"}
{"message":"Connection has been established successfully.","level":"info"}
{"message":"Connection has been established successfully.","level":"info"}
{"message":"Connection has been established successfully.","level":"info"}
{"message":"Connection has been established successfully.","level":"info"}
{"message":"Connection has been established successfully.","level":"info"}
{"message":"Connection has been established successfully.","level":"info"}
{"message":"Connection has been established successfully.","level":"info"}
{"message":"Connection has been established successfully.","level":"info"}
{"message":"Connection has been established successfully.","level":"info"}
{"message":"Connection has been established successfully.","level":"info"}
{"message":"Connection has been established successfully.","level":"info"}
{"message":"Connection has been established successfully.","level":"info"}
{"message":"Connection has been established successfully.","level":"info"}
{"message":"Connection has been established successfully.","level":"info"}
{"message":"Connection has been established successfully.","level":"info"}
{"message":"Connection has been established successfully.","level":"info"}
{"message":"Connection has been established successfully.","level":"info"}
{"message":"Connection has been established successfully.","level":"info"}
{"message":"Connection has been established successfully.","level":"info"}
{"message":"Connection has been established successfully.","level":"info"}
{"message":"Connection has been established successfully.","level":"info"}
{"message":"Connection has been established successfully.","level":"info"}
{"message":"Connection has been established successfully.","level":"info"}
{"message":"Connection has been established successfully.","level":"info"}
{"message":"Connection has been established successfully.","level":"info"}
{"message":"Connection has been established successfully.","level":"info"}
{"message":"Connection has been established successfully.","level":"info"}
{"message":"Connection has been established successfully.","level":"info"}
{"message":"Connection has been established successfully.","level":"info"}
{"message":"Connection has been established successfully.","level":"info"}
{"message":"Connection has been established successfully.","level":"info"}
{"message":"Connection has been established successfully.","level":"info"}
{"message":"Connection has been established successfully.","level":"info"}
{"message":"Connection has been established successfully.","level":"info"}
{"message":"Connection has been established successfully.","level":"info"}
{"message":"Connection has been established successfully.","level":"info"}
{"message":"Connection has been established successfully.","level":"info"}
{"message":"Connection has been established successfully.","level":"info"}
{"message":"Connection has been established successfully.","level":"info"}
{"message":"Connection has been established successfully.","level":"info"}
{"message":"Connection has been established successfully.","level":"info"}
{"message":"Connection has been established successfully.","level":"info"}
{"message":"Connection has been established successfully.","level":"info"}
{"message":"Connection has been established successfully.","level":"info"}
{"message":"Connection has been established successfully.","level":"info"}
{"message":"Connection has been established successfully.","level":"info"}
{"message":"Connection has been established successfully.","level":"info"}
{"message":"Connection has been established successfully.","level":"info"}
{"message":"Connection has been established successfully.","level":"info"}
{"message":"Connection has been established successfully.","level":"info"}
{"message":"Connection has been established successfully.","level":"info"}
{"message":"Connection has been established successfully.","level":"info"}
{"message":"Connection has been established successfully.","level":"info"}
{"message":"Connection has been established successfully.","level":"info"}
{"message":"Connection has been established successfully.","level":"info"}
{"message":"Connection has been established successfully.","level":"info"}
{"message":"Connection has been established successfully.","level":"info"}
{"message":"Connection has been established successfully.","level":"info"}
{"message":"Connection has been established successfully.","level":"info"}
{"message":"Connection has been established successfully.","level":"info"}
{"message":"Connection has been established successfully.","level":"info"}
{"message":"Connection has been established successfully.","level":"info"}
{"message":"Connection has been established successfully.","level":"info"}
{"message":"Connection has been established successfully.","level":"info"}
{"message":"Connection has been established successfully.","level":"info"}
{"message":"Connection has been established successfully.","level":"info"}
{"message":"Connection has been established successfully.","level":"info"}
{"message":"Connection has been established successfully.","level":"info"}
{"message":"Connection has been established successfully.","level":"info"}
{"message":"Connection has been established successfully.","level":"info"}
{"message":"Connection has been established successfully.","level":"info"}
{"message":"Connection has been established successfully.","level":"info"}
{"message":"Connection has been established successfully.","level":"info"}
{"message":"Connection has been established successfully.","level":"info"}
{"message":"Connection has been established successfully.","level":"info"}
{"message":"Connection has been established successfully.","level":"info"}
{"message":"Connection has been established successfully.","level":"info"}
{"message":"Connection has been established successfully.","level":"info"}
{"message":"Connection has been established successfully.","level":"info"}
{"message":"Connection has been established successfully.","level":"info"}
{"message":"Connection has been established successfully.","level":"info"}
{"message":"Connection has been established successfully.","level":"info"}
{"message":"Connection has been established successfully.","level":"info"}
{"message":"Connection has been established successfully.","level":"info"}
{"message":"Connection has been established successfully.","level":"info"}
{"message":"Connection has been established successfully.","level":"info"}
{"name":"SequelizeDatabaseError","parent":{"length":103,"name":"error","severity":"ERROR","code":"22P02","file":"numutils.c","line":"323","routine":"pg_strtoint32","sql":"INSERT INTO \"People\" (\"id\",\"forename\",\"lastname\",\"birthname\",\"dayOfDeath\",\"placeOfDeath\",\"placeOfBirth\",\"fatherId\",\"motherId\",\"avatar\",\"createdAt\",\"updatedAt\") VALUES ($1,$2,$3,$4,$5,$6,$7,$8,$9,$10,$11,$12) RETURNING \"id\",\"forename\",\"lastname\",\"birthname\",\"birthdate\",\"dayOfDeath\",\"placeOfDeath\",\"placeOfBirth\",\"fatherId\",\"motherId\",\"avatar\",\"createdAt\",\"updatedAt\";","parameters":["id","forename","lastname","birthname","Invalid date","placeofdeath","placeofbirth","fatherid","motherid","marriedtoid","2020-11-09 00:05:38.168 +00:00","2020-11-09 00:05:38.168 +00:00"]},"original":{"length":103,"name":"error","severity":"ERROR","code":"22P02","file":"numutils.c","line":"323","routine":"pg_strtoint32","sql":"INSERT INTO \"People\" (\"id\",\"forename\",\"lastname\",\"birthname\",\"dayOfDeath\",\"placeOfDeath\",\"placeOfBirth\",\"fatherId\",\"motherId\",\"avatar\",\"createdAt\",\"updatedAt\") VALUES ($1,$2,$3,$4,$5,$6,$7,$8,$9,$10,$11,$12) RETURNING \"id\",\"forename\",\"lastname\",\"birthname\",\"birthdate\",\"dayOfDeath\",\"placeOfDeath\",\"placeOfBirth\",\"fatherId\",\"motherId\",\"avatar\",\"createdAt\",\"updatedAt\";","parameters":["id","forename","lastname","birthname","Invalid date","placeofdeath","placeofbirth","fatherid","motherid","marriedtoid","2020-11-09 00:05:38.168 +00:00","2020-11-09 00:05:38.168 +00:00"]},"sql":"INSERT INTO \"People\" (\"id\",\"forename\",\"lastname\",\"birthname\",\"dayOfDeath\",\"placeOfDeath\",\"placeOfBirth\",\"fatherId\",\"motherId\",\"avatar\",\"createdAt\",\"updatedAt\") VALUES ($1,$2,$3,$4,$5,$6,$7,$8,$9,$10,$11,$12) RETURNING \"id\",\"forename\",\"lastname\",\"birthname\",\"birthdate\",\"dayOfDeath\",\"placeOfDeath\",\"placeOfBirth\",\"fatherId\",\"motherId\",\"avatar\",\"createdAt\",\"updatedAt\";","parameters":["id","forename","lastname","birthname","Invalid date","placeofdeath","placeofbirth","fatherid","motherid","marriedtoid","2020-11-09 00:05:38.168 +00:00","2020-11-09 00:05:38.168 +00:00"],"level":"error","message":"Faild to create person entry invalid input syntax for type integer: \"id\"","stack":"SequelizeDatabaseError: invalid input syntax for type integer: \"id\"\n    at Query.formatError (X:\\dev\\familytree\\node_modules\\sequelize\\lib\\dialects\\postgres\\query.js:386:16)\n    at Query.run (X:\\dev\\familytree\\node_modules\\sequelize\\lib\\dialects\\postgres\\query.js:87:18)\n    at processTicksAndRejections (internal/process/task_queues.js:97:5)"}
{"name":"SequelizeDatabaseError","parent":{"length":136,"name":"error","severity":"ERROR","code":"22007","file":"datetime.c","line":"3758","routine":"DateTimeParseError","sql":"INSERT INTO \"People\" (\"id\",\"forename\",\"lastname\",\"birthname\",\"dayOfDeath\",\"placeOfDeath\",\"placeOfBirth\",\"fatherId\",\"motherId\",\"avatar\",\"createdAt\",\"updatedAt\") VALUES ($1,$2,$3,$4,$5,$6,$7,$8,$9,$10,$11,$12) RETURNING \"id\",\"forename\",\"lastname\",\"birthname\",\"birthdate\",\"dayOfDeath\",\"placeOfDeath\",\"placeOfBirth\",\"fatherId\",\"motherId\",\"avatar\",\"createdAt\",\"updatedAt\";","parameters":["1","Albert","Dorn","","Invalid date","","Jarkoje","3","2","","2020-11-09 00:08:38.281 +00:00","2020-11-09 00:08:38.281 +00:00"]},"original":{"length":136,"name":"error","severity":"ERROR","code":"22007","file":"datetime.c","line":"3758","routine":"DateTimeParseError","sql":"INSERT INTO \"People\" (\"id\",\"forename\",\"lastname\",\"birthname\",\"dayOfDeath\",\"placeOfDeath\",\"placeOfBirth\",\"fatherId\",\"motherId\",\"avatar\",\"createdAt\",\"updatedAt\") VALUES ($1,$2,$3,$4,$5,$6,$7,$8,$9,$10,$11,$12) RETURNING \"id\",\"forename\",\"lastname\",\"birthname\",\"birthdate\",\"dayOfDeath\",\"placeOfDeath\",\"placeOfBirth\",\"fatherId\",\"motherId\",\"avatar\",\"createdAt\",\"updatedAt\";","parameters":["1","Albert","Dorn","","Invalid date","","Jarkoje","3","2","","2020-11-09 00:08:38.281 +00:00","2020-11-09 00:08:38.281 +00:00"]},"sql":"INSERT INTO \"People\" (\"id\",\"forename\",\"lastname\",\"birthname\",\"dayOfDeath\",\"placeOfDeath\",\"placeOfBirth\",\"fatherId\",\"motherId\",\"avatar\",\"createdAt\",\"updatedAt\") VALUES ($1,$2,$3,$4,$5,$6,$7,$8,$9,$10,$11,$12) RETURNING \"id\",\"forename\",\"lastname\",\"birthname\",\"birthdate\",\"dayOfDeath\",\"placeOfDeath\",\"placeOfBirth\",\"fatherId\",\"motherId\",\"avatar\",\"createdAt\",\"updatedAt\";","parameters":["1","Albert","Dorn","","Invalid date","","Jarkoje","3","2","","2020-11-09 00:08:38.281 +00:00","2020-11-09 00:08:38.281 +00:00"],"level":"error","message":"Faild to create person entry invalid input syntax for type timestamp with time zone: \"Invalid date\"","stack":"SequelizeDatabaseError: invalid input syntax for type timestamp with time zone: \"Invalid date\"\n    at Query.formatError (X:\\dev\\familytree\\node_modules\\sequelize\\lib\\dialects\\postgres\\query.js:386:16)\n    at Query.run (X:\\dev\\familytree\\node_modules\\sequelize\\lib\\dialects\\postgres\\query.js:87:18)\n    at processTicksAndRejections (internal/process/task_queues.js:97:5)"}
{"name":"SequelizeDatabaseError","parent":{"length":136,"name":"error","severity":"ERROR","code":"22007","file":"datetime.c","line":"3758","routine":"DateTimeParseError","sql":"INSERT INTO \"People\" (\"id\",\"forename\",\"lastname\",\"birthname\",\"dayOfDeath\",\"placeOfDeath\",\"placeOfBirth\",\"fatherId\",\"motherId\",\"avatar\",\"createdAt\",\"updatedAt\") VALUES ($1,$2,$3,$4,$5,$6,$7,$8,$9,$10,$11,$12) RETURNING \"id\",\"forename\",\"lastname\",\"birthname\",\"birthdate\",\"dayOfDeath\",\"placeOfDeath\",\"placeOfBirth\",\"fatherId\",\"motherId\",\"avatar\",\"createdAt\",\"updatedAt\";","parameters":["2","Maria","Dorn","Miller","Invalid date","","Krasnojarsk","","","4","2020-11-09 00:10:00.927 +00:00","2020-11-09 00:10:00.927 +00:00"]},"original":{"length":136,"name":"error","severity":"ERROR","code":"22007","file":"datetime.c","line":"3758","routine":"DateTimeParseError","sql":"INSERT INTO \"People\" (\"id\",\"forename\",\"lastname\",\"birthname\",\"dayOfDeath\",\"placeOfDeath\",\"placeOfBirth\",\"fatherId\",\"motherId\",\"avatar\",\"createdAt\",\"updatedAt\") VALUES ($1,$2,$3,$4,$5,$6,$7,$8,$9,$10,$11,$12) RETURNING \"id\",\"forename\",\"lastname\",\"birthname\",\"birthdate\",\"dayOfDeath\",\"placeOfDeath\",\"placeOfBirth\",\"fatherId\",\"motherId\",\"avatar\",\"createdAt\",\"updatedAt\";","parameters":["2","Maria","Dorn","Miller","Invalid date","","Krasnojarsk","","","4","2020-11-09 00:10:00.927 +00:00","2020-11-09 00:10:00.927 +00:00"]},"sql":"INSERT INTO \"People\" (\"id\",\"forename\",\"lastname\",\"birthname\",\"dayOfDeath\",\"placeOfDeath\",\"placeOfBirth\",\"fatherId\",\"motherId\",\"avatar\",\"createdAt\",\"updatedAt\") VALUES ($1,$2,$3,$4,$5,$6,$7,$8,$9,$10,$11,$12) RETURNING \"id\",\"forename\",\"lastname\",\"birthname\",\"birthdate\",\"dayOfDeath\",\"placeOfDeath\",\"placeOfBirth\",\"fatherId\",\"motherId\",\"avatar\",\"createdAt\",\"updatedAt\";","parameters":["2","Maria","Dorn","Miller","Invalid date","","Krasnojarsk","","","4","2020-11-09 00:10:00.927 +00:00","2020-11-09 00:10:00.927 +00:00"],"level":"error","message":"Faild to create person entry invalid input syntax for type timestamp with time zone: \"Invalid date\"","stack":"SequelizeDatabaseError: invalid input syntax for type timestamp with time zone: \"Invalid date\"\n    at Query.formatError (X:\\dev\\familytree\\node_modules\\sequelize\\lib\\dialects\\postgres\\query.js:386:16)\n    at Query.run (X:\\dev\\familytree\\node_modules\\sequelize\\lib\\dialects\\postgres\\query.js:87:18)\n    at processTicksAndRejections (internal/process/task_queues.js:97:5)"}
{"name":"SequelizeDatabaseError","parent":{"length":91,"name":"error","severity":"ERROR","code":"22P02","file":"bool.c","line":"154","routine":"boolin","sql":"INSERT INTO \"People\" (\"id\",\"forename\",\"lastname\",\"birthname\",\"dayOfDeath\",\"placeOfDeath\",\"placeOfBirth\",\"fatherId\",\"motherId\",\"avatar\",\"createdAt\",\"updatedAt\") VALUES ($1,$2,$3,$4,$5,$6,$7,$8,$9,$10,$11,$12) RETURNING \"id\",\"forename\",\"lastname\",\"birthname\",\"birthdate\",\"dayOfDeath\",\"placeOfDeath\",\"placeOfBirth\",\"fatherId\",\"motherId\",\"avatar\",\"createdAt\",\"updatedAt\";","parameters":["3","Ewald","Dorn","","1995-06-07 22:00:00.000 +00:00","Ulm","Sadka Strojewka (Kiev)","24","25","2","2020-11-09 00:10:03.586 +00:00","2020-11-09 00:10:03.586 +00:00"]},"original":{"length":91,"name":"error","severity":"ERROR","code":"22P02","file":"bool.c","line":"154","routine":"boolin","sql":"INSERT INTO \"People\" (\"id\",\"forename\",\"lastname\",\"birthname\",\"dayOfDeath\",\"placeOfDeath\",\"placeOfBirth\",\"fatherId\",\"motherId\",\"avatar\",\"createdAt\",\"updatedAt\") VALUES ($1,$2,$3,$4,$5,$6,$7,$8,$9,$10,$11,$12) RETURNING \"id\",\"forename\",\"lastname\",\"birthname\",\"birthdate\",\"dayOfDeath\",\"placeOfDeath\",\"placeOfBirth\",\"fatherId\",\"motherId\",\"avatar\",\"createdAt\",\"updatedAt\";","parameters":["3","Ewald","Dorn","","1995-06-07 22:00:00.000 +00:00","Ulm","Sadka Strojewka (Kiev)","24","25","2","2020-11-09 00:10:03.586 +00:00","2020-11-09 00:10:03.586 +00:00"]},"sql":"INSERT INTO \"People\" (\"id\",\"forename\",\"lastname\",\"birthname\",\"dayOfDeath\",\"placeOfDeath\",\"placeOfBirth\",\"fatherId\",\"motherId\",\"avatar\",\"createdAt\",\"updatedAt\") VALUES ($1,$2,$3,$4,$5,$6,$7,$8,$9,$10,$11,$12) RETURNING \"id\",\"forename\",\"lastname\",\"birthname\",\"birthdate\",\"dayOfDeath\",\"placeOfDeath\",\"placeOfBirth\",\"fatherId\",\"motherId\",\"avatar\",\"createdAt\",\"updatedAt\";","parameters":["3","Ewald","Dorn","","1995-06-07 22:00:00.000 +00:00","Ulm","Sadka Strojewka (Kiev)","24","25","2","2020-11-09 00:10:03.586 +00:00","2020-11-09 00:10:03.586 +00:00"],"level":"error","message":"Faild to create person entry invalid input syntax for type boolean: \"2\"","stack":"SequelizeDatabaseError: invalid input syntax for type boolean: \"2\"\n    at Query.formatError (X:\\dev\\familytree\\node_modules\\sequelize\\lib\\dialects\\postgres\\query.js:386:16)\n    at Query.run (X:\\dev\\familytree\\node_modules\\sequelize\\lib\\dialects\\postgres\\query.js:87:18)\n    at processTicksAndRejections (internal/process/task_queues.js:97:5)"}
{"name":"SequelizeDatabaseError","parent":{"length":136,"name":"error","severity":"ERROR","code":"22007","file":"datetime.c","line":"3758","routine":"DateTimeParseError","sql":"INSERT INTO \"People\" (\"id\",\"forename\",\"lastname\",\"birthname\",\"dayOfDeath\",\"placeOfDeath\",\"placeOfBirth\",\"fatherId\",\"motherId\",\"avatar\",\"createdAt\",\"updatedAt\") VALUES ($1,$2,$3,$4,$5,$6,$7,$8,$9,$10,$11,$12) RETURNING \"id\",\"forename\",\"lastname\",\"birthname\",\"birthdate\",\"dayOfDeath\",\"placeOfDeath\",\"placeOfBirth\",\"fatherId\",\"motherId\",\"avatar\",\"createdAt\",\"updatedAt\";","parameters":["4","Elvira","Litzinger","Dorn","Invalid date","","","3","2","5","2020-11-09 00:10:06.692 +00:00","2020-11-09 00:10:06.692 +00:00"]},"original":{"length":136,"name":"error","severity":"ERROR","code":"22007","file":"datetime.c","line":"3758","routine":"DateTimeParseError","sql":"INSERT INTO \"People\" (\"id\",\"forename\",\"lastname\",\"birthname\",\"dayOfDeath\",\"placeOfDeath\",\"placeOfBirth\",\"fatherId\",\"motherId\",\"avatar\",\"createdAt\",\"updatedAt\") VALUES ($1,$2,$3,$4,$5,$6,$7,$8,$9,$10,$11,$12) RETURNING \"id\",\"forename\",\"lastname\",\"birthname\",\"birthdate\",\"dayOfDeath\",\"placeOfDeath\",\"placeOfBirth\",\"fatherId\",\"motherId\",\"avatar\",\"createdAt\",\"updatedAt\";","parameters":["4","Elvira","Litzinger","Dorn","Invalid date","","","3","2","5","2020-11-09 00:10:06.692 +00:00","2020-11-09 00:10:06.692 +00:00"]},"sql":"INSERT INTO \"People\" (\"id\",\"forename\",\"lastname\",\"birthname\",\"dayOfDeath\",\"placeOfDeath\",\"placeOfBirth\",\"fatherId\",\"motherId\",\"avatar\",\"createdAt\",\"updatedAt\") VALUES ($1,$2,$3,$4,$5,$6,$7,$8,$9,$10,$11,$12) RETURNING \"id\",\"forename\",\"lastname\",\"birthname\",\"birthdate\",\"dayOfDeath\",\"placeOfDeath\",\"placeOfBirth\",\"fatherId\",\"motherId\",\"avatar\",\"createdAt\",\"updatedAt\";","parameters":["4","Elvira","Litzinger","Dorn","Invalid date","","","3","2","5","2020-11-09 00:10:06.692 +00:00","2020-11-09 00:10:06.692 +00:00"],"level":"error","message":"Faild to create person entry invalid input syntax for type timestamp with time zone: \"Invalid date\"","stack":"SequelizeDatabaseError: invalid input syntax for type timestamp with time zone: \"Invalid date\"\n    at Query.formatError (X:\\dev\\familytree\\node_modules\\sequelize\\lib\\dialects\\postgres\\query.js:386:16)\n    at Query.run (X:\\dev\\familytree\\node_modules\\sequelize\\lib\\dialects\\postgres\\query.js:87:18)\n    at processTicksAndRejections (internal/process/task_queues.js:97:5)"}
{"name":"SequelizeDatabaseError","parent":{"length":91,"name":"error","severity":"ERROR","code":"22P02","file":"bool.c","line":"154","routine":"boolin","sql":"INSERT INTO \"People\" (\"id\",\"forename\",\"lastname\",\"birthname\",\"dayOfDeath\",\"placeOfDeath\",\"placeOfBirth\",\"fatherId\",\"motherId\",\"avatar\",\"createdAt\",\"updatedAt\") VALUES ($1,$2,$3,$4,$5,$6,$7,$8,$9,$10,$11,$12) RETURNING \"id\",\"forename\",\"lastname\",\"birthname\",\"birthdate\",\"dayOfDeath\",\"placeOfDeath\",\"placeOfBirth\",\"fatherId\",\"motherId\",\"avatar\",\"createdAt\",\"updatedAt\";","parameters":[2,"Maria","Dorn","Miller",null,null,"Krasnojarsk",null,null,"4","2020-11-09 00:23:05.589 +00:00","2020-11-09 00:23:05.589 +00:00"]},"original":{"length":91,"name":"error","severity":"ERROR","code":"22P02","file":"bool.c","line":"154","routine":"boolin","sql":"INSERT INTO \"People\" (\"id\",\"forename\",\"lastname\",\"birthname\",\"dayOfDeath\",\"placeOfDeath\",\"placeOfBirth\",\"fatherId\",\"motherId\",\"avatar\",\"createdAt\",\"updatedAt\") VALUES ($1,$2,$3,$4,$5,$6,$7,$8,$9,$10,$11,$12) RETURNING \"id\",\"forename\",\"lastname\",\"birthname\",\"birthdate\",\"dayOfDeath\",\"placeOfDeath\",\"placeOfBirth\",\"fatherId\",\"motherId\",\"avatar\",\"createdAt\",\"updatedAt\";","parameters":[2,"Maria","Dorn","Miller",null,null,"Krasnojarsk",null,null,"4","2020-11-09 00:23:05.589 +00:00","2020-11-09 00:23:05.589 +00:00"]},"sql":"INSERT INTO \"People\" (\"id\",\"forename\",\"lastname\",\"birthname\",\"dayOfDeath\",\"placeOfDeath\",\"placeOfBirth\",\"fatherId\",\"motherId\",\"avatar\",\"createdAt\",\"updatedAt\") VALUES ($1,$2,$3,$4,$5,$6,$7,$8,$9,$10,$11,$12) RETURNING \"id\",\"forename\",\"lastname\",\"birthname\",\"birthdate\",\"dayOfDeath\",\"placeOfDeath\",\"placeOfBirth\",\"fatherId\",\"motherId\",\"avatar\",\"createdAt\",\"updatedAt\";","parameters":[2,"Maria","Dorn","Miller",null,null,"Krasnojarsk",null,null,"4","2020-11-09 00:23:05.589 +00:00","2020-11-09 00:23:05.589 +00:00"],"level":"error","message":"Faild to create person entry invalid input syntax for type boolean: \"4\"","stack":"SequelizeDatabaseError: invalid input syntax for type boolean: \"4\"\n    at Query.formatError (X:\\dev\\familytree\\node_modules\\sequelize\\lib\\dialects\\postgres\\query.js:386:16)\n    at Query.run (X:\\dev\\familytree\\node_modules\\sequelize\\lib\\dialects\\postgres\\query.js:87:18)\n    at processTicksAndRejections (internal/process/task_queues.js:97:5)"}
{"name":"SequelizeDatabaseError","parent":{"length":136,"name":"error","severity":"ERROR","code":"22007","file":"datetime.c","line":"3758","routine":"DateTimeParseError","sql":"INSERT INTO \"People\" (\"id\",\"forename\",\"lastname\",\"birthname\",\"dayOfDeath\",\"placeOfDeath\",\"placeOfBirth\",\"fatherId\",\"motherId\",\"avatar\",\"createdAt\",\"updatedAt\") VALUES ($1,$2,$3,$4,$5,$6,$7,$8,$9,$10,$11,$12) RETURNING \"id\",\"forename\",\"lastname\",\"birthname\",\"birthdate\",\"dayOfDeath\",\"placeOfDeath\",\"placeOfBirth\",\"fatherId\",\"motherId\",\"avatar\",\"createdAt\",\"updatedAt\";","parameters":[16,"Herbert","Dorn","Dorn","Invalid date",null,null,null,"22",false,"2020-11-09 00:24:40.541 +00:00","2020-11-09 00:24:40.541 +00:00"]},"original":{"length":136,"name":"error","severity":"ERROR","code":"22007","file":"datetime.c","line":"3758","routine":"DateTimeParseError","sql":"INSERT INTO \"People\" (\"id\",\"forename\",\"lastname\",\"birthname\",\"dayOfDeath\",\"placeOfDeath\",\"placeOfBirth\",\"fatherId\",\"motherId\",\"avatar\",\"createdAt\",\"updatedAt\") VALUES ($1,$2,$3,$4,$5,$6,$7,$8,$9,$10,$11,$12) RETURNING \"id\",\"forename\",\"lastname\",\"birthname\",\"birthdate\",\"dayOfDeath\",\"placeOfDeath\",\"placeOfBirth\",\"fatherId\",\"motherId\",\"avatar\",\"createdAt\",\"updatedAt\";","parameters":[16,"Herbert","Dorn","Dorn","Invalid date",null,null,null,"22",false,"2020-11-09 00:24:40.541 +00:00","2020-11-09 00:24:40.541 +00:00"]},"sql":"INSERT INTO \"People\" (\"id\",\"forename\",\"lastname\",\"birthname\",\"dayOfDeath\",\"placeOfDeath\",\"placeOfBirth\",\"fatherId\",\"motherId\",\"avatar\",\"createdAt\",\"updatedAt\") VALUES ($1,$2,$3,$4,$5,$6,$7,$8,$9,$10,$11,$12) RETURNING \"id\",\"forename\",\"lastname\",\"birthname\",\"birthdate\",\"dayOfDeath\",\"placeOfDeath\",\"placeOfBirth\",\"fatherId\",\"motherId\",\"avatar\",\"createdAt\",\"updatedAt\";","parameters":[16,"Herbert","Dorn","Dorn","Invalid date",null,null,null,"22",false,"2020-11-09 00:24:40.541 +00:00","2020-11-09 00:24:40.541 +00:00"],"level":"error","message":"Faild to create person entry invalid input syntax for type timestamp with time zone: \"Invalid date\"","stack":"SequelizeDatabaseError: invalid input syntax for type timestamp with time zone: \"Invalid date\"\n    at Query.formatError (X:\\dev\\familytree\\node_modules\\sequelize\\lib\\dialects\\postgres\\query.js:386:16)\n    at Query.run (X:\\dev\\familytree\\node_modules\\sequelize\\lib\\dialects\\postgres\\query.js:87:18)\n    at processTicksAndRejections (internal/process/task_queues.js:97:5)"}
{"name":"SequelizeDatabaseError","parent":{"length":110,"name":"error","severity":"ERROR","code":"22P02","file":"numutils.c","line":"323","routine":"pg_strtoint32","sql":"INSERT INTO \"People\" (\"id\",\"forename\",\"lastname\",\"birthname\",\"dayOfDeath\",\"placeOfDeath\",\"placeOfBirth\",\"fatherId\",\"motherId\",\"avatar\",\"createdAt\",\"updatedAt\") VALUES ($1,$2,$3,$4,$5,$6,$7,$8,$9,$10,$11,$12) RETURNING \"id\",\"forename\",\"lastname\",\"birthname\",\"birthdate\",\"dayOfDeath\",\"placeOfDeath\",\"placeOfBirth\",\"fatherId\",\"motherId\",\"avatar\",\"createdAt\",\"updatedAt\";","parameters":[52,"Emil","Dorn","Dorn",null,null,"\"Dorf Uwa","Udmurtia\"","16",false,"2020-11-09 00:25:03.352 +00:00","2020-11-09 00:25:03.352 +00:00"]},"original":{"length":110,"name":"error","severity":"ERROR","code":"22P02","file":"numutils.c","line":"323","routine":"pg_strtoint32","sql":"INSERT INTO \"People\" (\"id\",\"forename\",\"lastname\",\"birthname\",\"dayOfDeath\",\"placeOfDeath\",\"placeOfBirth\",\"fatherId\",\"motherId\",\"avatar\",\"createdAt\",\"updatedAt\") VALUES ($1,$2,$3,$4,$5,$6,$7,$8,$9,$10,$11,$12) RETURNING \"id\",\"forename\",\"lastname\",\"birthname\",\"birthdate\",\"dayOfDeath\",\"placeOfDeath\",\"placeOfBirth\",\"fatherId\",\"motherId\",\"avatar\",\"createdAt\",\"updatedAt\";","parameters":[52,"Emil","Dorn","Dorn",null,null,"\"Dorf Uwa","Udmurtia\"","16",false,"2020-11-09 00:25:03.352 +00:00","2020-11-09 00:25:03.352 +00:00"]},"sql":"INSERT INTO \"People\" (\"id\",\"forename\",\"lastname\",\"birthname\",\"dayOfDeath\",\"placeOfDeath\",\"placeOfBirth\",\"fatherId\",\"motherId\",\"avatar\",\"createdAt\",\"updatedAt\") VALUES ($1,$2,$3,$4,$5,$6,$7,$8,$9,$10,$11,$12) RETURNING \"id\",\"forename\",\"lastname\",\"birthname\",\"birthdate\",\"dayOfDeath\",\"placeOfDeath\",\"placeOfBirth\",\"fatherId\",\"motherId\",\"avatar\",\"createdAt\",\"updatedAt\";","parameters":[52,"Emil","Dorn","Dorn",null,null,"\"Dorf Uwa","Udmurtia\"","16",false,"2020-11-09 00:25:03.352 +00:00","2020-11-09 00:25:03.352 +00:00"],"level":"error","message":"Faild to create person entry invalid input syntax for type integer: \"Udmurtia\"\"","stack":"SequelizeDatabaseError: invalid input syntax for type integer: \"Udmurtia\"\"\n    at Query.formatError (X:\\dev\\familytree\\node_modules\\sequelize\\lib\\dialects\\postgres\\query.js:386:16)\n    at Query.run (X:\\dev\\familytree\\node_modules\\sequelize\\lib\\dialects\\postgres\\query.js:87:18)\n    at processTicksAndRejections (internal/process/task_queues.js:97:5)"}
{"name":"SequelizeConnectionRefusedError","parent":{"errno":"ECONNREFUSED","code":"ECONNREFUSED","syscall":"connect","address":"127.0.0.1","port":5432},"original":{"errno":"ECONNREFUSED","code":"ECONNREFUSED","syscall":"connect","address":"127.0.0.1","port":5432},"level":"error","message":"Unable to connect to the database: connect ECONNREFUSED 127.0.0.1:5432","stack":"SequelizeConnectionRefusedError: connect ECONNREFUSED 127.0.0.1:5432\n    at Client._connectionCallback (X:\\dev\\familytree\\node_modules\\sequelize\\lib\\dialects\\postgres\\connection-manager.js:172:24)\n    at Client._handleErrorWhileConnecting (X:\\dev\\familytree\\node_modules\\pg\\lib\\client.js:305:19)\n    at Client._handleErrorEvent (X:\\dev\\familytree\\node_modules\\pg\\lib\\client.js:315:19)\n    at Connection.emit (events.js:315:20)\n    at Socket.reportStreamError (X:\\dev\\familytree\\node_modules\\pg\\lib\\connection.js:53:12)\n    at Socket.emit (events.js:315:20)\n    at emitErrorNT (internal/streams/destroy.js:92:8)\n    at emitErrorAndCloseNT (internal/streams/destroy.js:60:3)\n    at processTicksAndRejections (internal/process/task_queues.js:84:21)"}
{"message":"Connection has been established successfully.","level":"info"}
{"message":"Connection has been established successfully.","level":"info"}
{"message":"Connection has been established successfully.","level":"info"}
{"message":"Connection has been established successfully.","level":"info"}
{"message":"Connection has been established successfully.","level":"info"}
{"message":"Connection has been established successfully.","level":"info"}
{"name":"SequelizeConnectionRefusedError","parent":{"errno":"ECONNREFUSED","code":"ECONNREFUSED","syscall":"connect","address":"127.0.0.1","port":5432},"original":{"errno":"ECONNREFUSED","code":"ECONNREFUSED","syscall":"connect","address":"127.0.0.1","port":5432},"level":"error","message":"Unable to connect to the database: connect ECONNREFUSED 127.0.0.1:5432","stack":"SequelizeConnectionRefusedError: connect ECONNREFUSED 127.0.0.1:5432\n    at Client._connectionCallback (X:\\dev\\familytree\\node_modules\\sequelize\\lib\\dialects\\postgres\\connection-manager.js:172:24)\n    at Client._handleErrorWhileConnecting (X:\\dev\\familytree\\node_modules\\pg\\lib\\client.js:305:19)\n    at Client._handleErrorEvent (X:\\dev\\familytree\\node_modules\\pg\\lib\\client.js:315:19)\n    at Connection.emit (events.js:315:20)\n    at Socket.reportStreamError (X:\\dev\\familytree\\node_modules\\pg\\lib\\connection.js:53:12)\n    at Socket.emit (events.js:315:20)\n    at emitErrorNT (internal/streams/destroy.js:92:8)\n    at emitErrorAndCloseNT (internal/streams/destroy.js:60:3)\n    at processTicksAndRejections (internal/process/task_queues.js:84:21)"}
